<?xml version="1.0" encoding="UTF-8"?>
<!-- Generated by org.testng.reporters.JUnitReportReporter -->
<testsuite skipped="0" hostname="pc-PC" name="com.OrangeHRM.Testcases.Loginpage_test" tests="2" failures="0" timestamp="08 Jan 2020 06:34:48 GMT" time="3.789" errors="0">
  <testcase name="Verifytitletest" time="0.140" classname="com.OrangeHRM.Testcases.Loginpage_test"/>
  <testcase name="Verifylogintest" time="3.649" classname="com.OrangeHRM.Testcases.Loginpage_test"/>
</testsuite> <!-- com.OrangeHRM.Testcases.Loginpage_test -->
